2026-04-28T10:21:09.777Z [INFO] Server running on port 3000
2026-04-28T10:28:48.351Z [INFO] Server running on port 3000
2026-04-28T10:28:50.433Z [INFO] Server running on port 3000
2026-04-28T10:28:54.057Z [INFO] Server running on port 3000
2026-04-28T10:28:56.453Z [INFO] Server running on port 3000
2026-04-28T10:29:01.286Z [INFO] Server running on port 3000
2026-04-28T10:29:03.798Z [INFO] Server running on port 3000
2026-04-28T10:29:06.766Z [INFO] Server running on port 3000
2026-04-28T10:29:08.284Z [INFO] Server running on port 3000
2026-04-28T10:29:09.585Z [INFO] Server running on port 3000
2026-04-28T10:29:12.413Z [INFO] Server running on port 3000
2026-04-28T10:29:15.222Z [INFO] Server running on port 3000
2026-04-28T10:29:16.969Z [INFO] Server running on port 3000
2026-04-28T10:29:21.127Z [INFO] Server running on port 3000
2026-04-28T10:30:36.955Z [INFO] Server running on port 3000
2026-04-28T10:30:38.793Z [INFO] Server running on port 3000
2026-04-28T10:30:41.849Z [INFO] Server running on port 3000
2026-04-28T10:30:45.176Z [INFO] Server running on port 3000
2026-04-28T10:30:51.514Z [INFO] Server running on port 3000
2026-04-28T10:30:55.071Z [INFO] Server running on port 3000
2026-04-28T10:30:56.514Z [INFO] Server running on port 3000
2026-04-28T10:30:59.500Z [INFO] Server running on port 3000
2026-04-28T10:31:01.389Z [INFO] Server running on port 3000
2026-04-28T10:31:04.539Z [INFO] Server running on port 3000
2026-04-28T10:31:05.803Z [INFO] Server running on port 3000
2026-04-28T10:31:09.525Z [INFO] Server running on port 3000
2026-04-28T10:31:11.110Z [INFO] Server running on port 3000
2026-04-28T10:31:17.756Z [INFO] Server running on port 3000
2026-04-28T10:31:26.063Z [ERROR] File too large
2026-04-28T10:38:48.044Z [ERROR] File too large
2026-04-28T11:31:09.207Z [INFO] Server running on port 3000
2026-04-29T10:34:44.214Z [INFO] Server running on port 3000
2026-04-29T10:35:10.612Z [WARN] Cannot destructure property 'email' of 'req.body' as it is undefined.
2026-04-29T10:37:24.177Z [WARN] File too large
2026-04-29T10:40:08.010Z [WARN] File too large
2026-04-29T11:22:45.798Z [INFO] Server running on port 3000
2026-04-29T11:22:48.842Z [ERROR] File too large
2026-04-29T11:23:14.010Z [INFO] Server running on port 3000
2026-04-29T11:38:21.608Z [INFO] Server running on port 3000
2026-04-29T11:38:29.500Z [INFO] 127.0.0.1 - - [29/Apr/2026:11:38:29 +0000] "GET /products HTTP/1.1" 200 912 "-" "PostmanRuntime/7.53.0"
2026-04-29T11:38:53.982Z [INFO] 127.0.0.1 - - [29/Apr/2026:11:38:53 +0000] "POST /products HTTP/1.1" 403 31 "-" "PostmanRuntime/7.53.0"
2026-04-29T11:39:24.638Z [ERROR] Cannot destructure property 'email' of 'req.body' as it is undefined.
2026-04-29T11:39:24.639Z [INFO] 127.0.0.1 - - [29/Apr/2026:11:39:24 +0000] "POST /login HTTP/1.1" 500 35 "-" "PostmanRuntime/7.53.0"
2026-04-29T11:39:40.123Z [INFO] 127.0.0.1 - - [29/Apr/2026:11:39:40 +0000] "POST /login HTTP/1.1" 200 230 "-" "PostmanRuntime/7.53.0"
2026-04-29T11:40:45.281Z [INFO] 127.0.0.1 - - [29/Apr/2026:11:40:45 +0000] "POST /products HTTP/1.1" 400 166 "-" "PostmanRuntime/7.53.0"
2026-04-29T11:41:09.095Z [ERROR] File too large
2026-04-29T11:41:09.096Z [INFO] 127.0.0.1 - - [29/Apr/2026:11:41:09 +0000] "POST /products HTTP/1.1" 400 42 "-" "PostmanRuntime/7.53.0"
2026-04-29T11:41:21.092Z [INFO] 127.0.0.1 - - [29/Apr/2026:11:41:21 +0000] "GET /products/1 HTTP/1.1" 404 36 "-" "PostmanRuntime/7.53.0"
