2026-04-28T10:31:26.063Z [ERROR] File too large
2026-04-28T10:38:48.044Z [ERROR] File too large
2026-04-29T11:22:48.842Z [ERROR] File too large
2026-04-29T11:39:24.638Z [ERROR] Cannot destructure property 'email' of 'req.body' as it is undefined.
2026-04-29T11:41:09.095Z [ERROR] File too large
2026-04-30T11:48:36.481Z [ERROR] The key argument has to be of type `string` or `number`. Found: `undefined`
2026-04-30T11:49:32.661Z [ERROR] The key argument has to be of type `string` or `number`. Found: `undefined`
2026-05-01T11:05:16.277Z [ERROR] The key argument has to be of type `string` or `number`. Found: `undefined`
2026-05-01T11:06:54.154Z [ERROR] The key argument has to be of type `string` or `number`. Found: `undefined`
2026-05-01T11:06:56.102Z [ERROR] The key argument has to be of type `string` or `number`. Found: `undefined`
2026-05-01T11:06:57.187Z [ERROR] The key argument has to be of type `string` or `number`. Found: `undefined`
2026-05-01T11:20:19.315Z [ERROR] The key argument has to be of type `string` or `number`. Found: `undefined`
2026-05-01T11:21:37.766Z [ERROR] The key argument has to be of type `string` or `number`. Found: `undefined`
2026-05-01T11:22:28.034Z [ERROR] The key argument has to be of type `string` or `number`. Found: `undefined`
2026-05-01T11:23:01.803Z [ERROR] The key argument has to be of type `string` or `number`. Found: `undefined`
2026-05-02T10:43:21.173Z [ERROR] 'sintaks error' pada atau didekat « ROOLBACK »
2026-05-02T10:44:45.410Z [ERROR] 'sintaks error' pada atau didekat « ROOLBACK »
2026-05-02T10:46:29.457Z [ERROR] Unexpected token '}', ..."ct_id": 
}" is not valid JSON
2026-05-02T10:46:37.067Z [ERROR] 'sintaks error' pada atau didekat « ROOLBACK »
2026-05-02T10:47:07.697Z [ERROR] 'sintaks error' pada atau didekat « ROOLBACK »
2026-05-02T10:48:47.602Z [ERROR] Unexpected token '}', ..."ct_id": 
}" is not valid JSON
2026-05-02T10:48:54.143Z [ERROR] 'sintaks error' pada atau didekat « ROOLBACK »
2026-05-02T10:49:59.505Z [ERROR] 'sintaks error' pada atau didekat « ROOLBACK »
2026-05-02T10:49:59.869Z [ERROR] 'sintaks error' pada atau didekat « ROOLBACK »
2026-05-02T10:56:04.415Z [ERROR] Produk tidak ditemukan
2026-05-02T10:57:14.659Z [ERROR] Produk tidak ditemukan
2026-05-02T10:57:32.370Z [ERROR] clien is not defined
2026-05-02T11:58:02.508Z [ERROR] Produk tidak ditemukan
